TN:
SF:src/config/index.ts
FNF:0
FNH:0
DA:1,2
DA:3,2
DA:5,2
DA:73,2
LF:4
LH:4
BRDA:7,0,0,2
BRDA:7,0,1,2
BRDA:8,1,0,2
BRDA:8,1,1,0
BRDA:12,2,0,2
BRDA:12,2,1,2
BRDA:13,3,0,2
BRDA:13,3,1,2
BRDA:14,4,0,2
BRDA:14,4,1,2
BRDA:19,5,0,2
BRDA:19,5,1,2
BRDA:20,6,0,2
BRDA:20,6,1,2
BRDA:21,7,0,2
BRDA:21,7,1,2
BRDA:22,8,0,2
BRDA:22,8,1,2
BRDA:23,9,0,2
BRDA:23,9,1,2
BRDA:28,10,0,2
BRDA:28,10,1,2
BRDA:29,11,0,2
BRDA:29,11,1,2
BRDA:30,12,0,2
BRDA:30,12,1,2
BRDA:35,13,0,2
BRDA:35,13,1,2
BRDA:36,14,0,2
BRDA:36,14,1,2
BRDA:37,15,0,2
BRDA:37,15,1,2
BRDA:42,16,0,2
BRDA:42,16,1,2
BRDA:43,17,0,2
BRDA:43,17,1,2
BRDA:44,18,0,2
BRDA:44,18,1,2
BRDA:49,19,0,2
BRDA:49,19,1,2
BRDA:54,20,0,2
BRDA:54,20,1,2
BRDA:55,21,0,2
BRDA:55,21,1,2
BRDA:56,22,0,2
BRDA:56,22,1,2
BRDA:57,23,0,2
BRDA:57,23,1,2
BRDA:62,24,0,2
BRDA:62,24,1,2
BRDA:63,25,0,2
BRDA:63,25,1,2
BRDA:68,26,0,2
BRDA:68,26,1,2
BRDA:69,27,0,2
BRDA:69,27,1,2
BRF:56
BRH:55
end_of_record
TN:
SF:src/database/errors.ts
FN:7,(anonymous_0)
FN:14,(anonymous_1)
FN:21,(anonymous_2)
FN:30,handlePrismaError
FN:143,getPaginationOptions
FNF:5
FNH:0
FNDA:0,(anonymous_0)
FNDA:0,(anonymous_1)
FNDA:0,(anonymous_2)
FNDA:0,handlePrismaError
FNDA:0,getPaginationOptions
DA:1,0
DA:6,0
DA:8,0
DA:9,0
DA:13,0
DA:15,0
DA:16,0
DA:20,0
DA:22,0
DA:23,0
DA:30,0
DA:36,0
DA:37,0
DA:39,0
DA:46,0
DA:53,0
DA:60,0
DA:67,0
DA:74,0
DA:83,0
DA:84,0
DA:92,0
DA:93,0
DA:101,0
DA:102,0
DA:110,0
DA:143,0
DA:150,0
DA:151,0
DA:153,0
DA:154,0
DA:157,0
DA:158,0
DA:163,0
LF:34
LH:0
BRDA:36,0,0,0
BRDA:37,1,0,0
BRDA:37,1,1,0
BRDA:37,1,2,0
BRDA:37,1,3,0
BRDA:37,1,4,0
BRDA:37,1,5,0
BRDA:83,2,0,0
BRDA:92,3,0,0
BRDA:101,4,0,0
BRDA:112,5,0,0
BRDA:112,5,1,0
BRDA:150,6,0,0
BRDA:150,6,1,0
BRDA:151,7,0,0
BRDA:151,7,1,0
BRDA:157,8,0,0
BRDA:159,9,0,0
BRDA:159,9,1,0
BRF:19
BRH:0
end_of_record
TN:
SF:src/database/index.ts
FN:28,connectDatabase
FN:39,disconnectDatabase
FNF:2
FNH:0
FNDA:0,connectDatabase
FNDA:0,disconnectDatabase
DA:1,0
DA:11,0
DA:23,0
DA:24,0
DA:28,0
DA:29,0
DA:30,0
DA:31,0
DA:33,0
DA:34,0
DA:39,0
DA:40,0
DA:41,0
DA:42,0
DA:44,0
DA:49,0
DA:51,0
LF:17
LH:0
BRDA:11,0,0,0
BRDA:11,0,1,0
BRDA:12,1,0,0
BRDA:12,1,1,0
BRDA:23,2,0,0
BRF:5
BRH:0
end_of_record
TN:
SF:src/database/services/audio-capture.service.ts
FN:54,(anonymous_0)
FN:66,(anonymous_1)
FN:78,(anonymous_2)
FN:90,(anonymous_3)
FN:106,(anonymous_4)
FN:117,(anonymous_5)
FN:130,(anonymous_6)
FN:143,(anonymous_7)
FN:156,(anonymous_8)
FN:163,(anonymous_9)
FN:170,(anonymous_10)
FN:182,(anonymous_11)
FNF:12
FNH:0
FNDA:0,(anonymous_0)
FNDA:0,(anonymous_1)
FNDA:0,(anonymous_2)
FNDA:0,(anonymous_3)
FNDA:0,(anonymous_4)
FNDA:0,(anonymous_5)
FNDA:0,(anonymous_6)
FNDA:0,(anonymous_7)
FNDA:0,(anonymous_8)
FNDA:0,(anonymous_9)
FNDA:0,(anonymous_10)
FNDA:0,(anonymous_11)
DA:6,0
DA:7,0
DA:53,0
DA:55,0
DA:56,0
DA:59,0
DA:61,0
DA:62,0
DA:67,0
DA:68,0
DA:71,0
DA:73,0
DA:74,0
DA:79,0
DA:80,0
DA:83,0
DA:85,0
DA:86,0
DA:91,0
DA:92,0
DA:96,0
DA:98,0
DA:99,0
DA:101,0
DA:102,0
DA:107,0
DA:108,0
DA:112,0
DA:113,0
DA:118,0
DA:119,0
DA:123,0
DA:125,0
DA:126,0
DA:131,0
DA:132,0
DA:136,0
DA:138,0
DA:139,0
DA:144,0
DA:145,0
DA:149,0
DA:151,0
DA:152,0
DA:157,0
DA:164,0
DA:171,0
DA:172,0
DA:175,0
DA:177,0
DA:178,0
DA:183,0
DA:184,0
DA:189,0
DA:191,0
DA:192,0
LF:56
LH:0
BRDA:61,0,0,0
BRDA:71,1,0,0
BRDA:71,1,1,0
BRDA:73,2,0,0
BRDA:85,3,0,0
BRDA:98,4,0,0
BRDA:101,5,0,0
BRDA:101,6,0,0
BRDA:101,6,1,0
BRDA:112,7,0,0
BRDA:125,8,0,0
BRDA:138,9,0,0
BRDA:151,10,0,0
BRDA:177,11,0,0
BRDA:182,12,0,0
BRDA:191,13,0,0
BRF:16
BRH:0
end_of_record
TN:
SF:src/database/services/device.service.ts
FN:46,(anonymous_0)
FN:58,(anonymous_1)
FN:70,(anonymous_2)
FN:82,(anonymous_3)
FN:94,(anonymous_4)
FN:110,(anonymous_5)
FN:121,(anonymous_6)
FNF:7
FNH:0
FNDA:0,(anonymous_0)
FNDA:0,(anonymous_1)
FNDA:0,(anonymous_2)
FNDA:0,(anonymous_3)
FNDA:0,(anonymous_4)
FNDA:0,(anonymous_5)
FNDA:0,(anonymous_6)
DA:6,0
DA:7,0
DA:45,0
DA:47,0
DA:48,0
DA:51,0
DA:53,0
DA:54,0
DA:59,0
DA:60,0
DA:63,0
DA:65,0
DA:66,0
DA:71,0
DA:72,0
DA:75,0
DA:77,0
DA:78,0
DA:83,0
DA:84,0
DA:87,0
DA:89,0
DA:90,0
DA:95,0
DA:96,0
DA:100,0
DA:102,0
DA:103,0
DA:105,0
DA:106,0
DA:111,0
DA:112,0
DA:116,0
DA:117,0
DA:122,0
LF:35
LH:0
BRDA:53,0,0,0
BRDA:63,1,0,0
BRDA:63,1,1,0
BRDA:65,2,0,0
BRDA:75,3,0,0
BRDA:75,3,1,0
BRDA:77,4,0,0
BRDA:89,5,0,0
BRDA:102,6,0,0
BRDA:105,7,0,0
BRDA:105,8,0,0
BRDA:105,8,1,0
BRDA:116,9,0,0
BRF:13
BRH:0
end_of_record
TN:
SF:src/database/services/diffusion.service.ts
FN:45,(anonymous_0)
FN:57,(anonymous_1)
FN:69,(anonymous_2)
FN:81,(anonymous_3)
FN:97,(anonymous_4)
FN:108,(anonymous_5)
FN:121,(anonymous_6)
FN:144,(anonymous_7)
FNF:8
FNH:0
FNDA:0,(anonymous_0)
FNDA:0,(anonymous_1)
FNDA:0,(anonymous_2)
FNDA:0,(anonymous_3)
FNDA:0,(anonymous_4)
FNDA:0,(anonymous_5)
FNDA:0,(anonymous_6)
FNDA:0,(anonymous_7)
DA:6,0
DA:7,0
DA:44,0
DA:46,0
DA:47,0
DA:50,0
DA:52,0
DA:53,0
DA:58,0
DA:59,0
DA:62,0
DA:64,0
DA:65,0
DA:70,0
DA:71,0
DA:74,0
DA:76,0
DA:77,0
DA:82,0
DA:83,0
DA:87,0
DA:89,0
DA:90,0
DA:92,0
DA:93,0
DA:98,0
DA:99,0
DA:103,0
DA:104,0
DA:109,0
DA:110,0
DA:114,0
DA:116,0
DA:117,0
DA:126,0
DA:127,0
DA:137,0
DA:139,0
DA:140,0
DA:145,0
DA:146,0
DA:147,0
DA:149,0
DA:150,0
LF:44
LH:0
BRDA:52,0,0,0
BRDA:62,1,0,0
BRDA:62,1,1,0
BRDA:64,2,0,0
BRDA:76,3,0,0
BRDA:89,4,0,0
BRDA:92,5,0,0
BRDA:92,6,0,0
BRDA:92,6,1,0
BRDA:103,7,0,0
BRDA:116,8,0,0
BRDA:139,9,0,0
BRDA:149,10,0,0
BRF:13
BRH:0
end_of_record
TN:
SF:src/database/services/etablissement.service.ts
FN:63,(anonymous_0)
FN:75,(anonymous_1)
FN:87,(anonymous_2)
FN:102,(anonymous_3)
FN:118,(anonymous_4)
FN:129,(anonymous_5)
FN:142,(anonymous_6)
FN:155,(anonymous_7)
FN:168,(anonymous_8)
FN:172,(anonymous_9)
FN:176,(anonymous_10)
FN:188,(anonymous_11)
FN:196,(anonymous_12)
FN:201,(anonymous_13)
FNF:14
FNH:0
FNDA:0,(anonymous_0)
FNDA:0,(anonymous_1)
FNDA:0,(anonymous_2)
FNDA:0,(anonymous_3)
FNDA:0,(anonymous_4)
FNDA:0,(anonymous_5)
FNDA:0,(anonymous_6)
FNDA:0,(anonymous_7)
FNDA:0,(anonymous_8)
FNDA:0,(anonymous_9)
FNDA:0,(anonymous_10)
FNDA:0,(anonymous_11)
FNDA:0,(anonymous_12)
FNDA:0,(anonymous_13)
DA:6,0
DA:7,0
DA:62,0
DA:64,0
DA:65,0
DA:68,0
DA:70,0
DA:71,0
DA:76,0
DA:77,0
DA:80,0
DA:82,0
DA:83,0
DA:88,0
DA:89,0
DA:92,0
DA:94,0
DA:95,0
DA:97,0
DA:98,0
DA:103,0
DA:104,0
DA:108,0
DA:110,0
DA:111,0
DA:113,0
DA:114,0
DA:119,0
DA:120,0
DA:124,0
DA:125,0
DA:130,0
DA:131,0
DA:135,0
DA:137,0
DA:138,0
DA:143,0
DA:144,0
DA:148,0
DA:150,0
DA:151,0
DA:156,0
DA:157,0
DA:161,0
DA:163,0
DA:164,0
DA:169,0
DA:173,0
DA:177,0
DA:178,0
DA:181,0
DA:183,0
DA:184,0
DA:189,0
DA:190,0
DA:195,0
DA:196,0
DA:197,0
DA:198,0
DA:201,0
DA:203,0
DA:204,0
LF:62
LH:0
BRDA:70,0,0,0
BRDA:80,1,0,0
BRDA:80,1,1,0
BRDA:82,2,0,0
BRDA:94,3,0,0
BRDA:97,4,0,0
BRDA:97,5,0,0
BRDA:97,5,1,0
BRDA:110,6,0,0
BRDA:113,7,0,0
BRDA:113,8,0,0
BRDA:113,8,1,0
BRDA:124,9,0,0
BRDA:137,10,0,0
BRDA:150,11,0,0
BRDA:163,12,0,0
BRDA:183,13,0,0
BRDA:197,14,0,0
BRDA:197,14,1,0
BRDA:203,15,0,0
BRF:20
BRH:0
end_of_record
TN:
SF:src/database/services/index.ts
FN:7,(anonymous_0)
FN:7,(anonymous_1)
FN:7,(anonymous_2)
FN:10,(anonymous_3)
FN:11,(anonymous_4)
FN:12,(anonymous_5)
FN:13,(anonymous_6)
FN:14,(anonymous_7)
FN:15,(anonymous_8)
FN:16,(anonymous_9)
FN:17,(anonymous_10)
FN:18,(anonymous_11)
FN:19,(anonymous_12)
FNF:13
FNH:0
FNDA:0,(anonymous_0)
FNDA:0,(anonymous_1)
FNDA:0,(anonymous_2)
FNDA:0,(anonymous_3)
FNDA:0,(anonymous_4)
FNDA:0,(anonymous_5)
FNDA:0,(anonymous_6)
FNDA:0,(anonymous_7)
FNDA:0,(anonymous_8)
FNDA:0,(anonymous_9)
FNDA:0,(anonymous_10)
FNDA:0,(anonymous_11)
FNDA:0,(anonymous_12)
DA:7,0
DA:10,0
DA:11,0
DA:12,0
DA:13,0
DA:14,0
DA:15,0
DA:16,0
DA:17,0
DA:18,0
DA:19,0
LF:11
LH:0
BRF:0
BRH:0
end_of_record
TN:
SF:src/database/services/music-recognition.service.ts
FN:53,(anonymous_0)
FN:65,(anonymous_1)
FN:77,(anonymous_2)
FN:89,(anonymous_3)
FN:104,(anonymous_4)
FN:120,(anonymous_5)
FN:131,(anonymous_6)
FN:149,(anonymous_7)
FN:167,(anonymous_8)
FN:179,(anonymous_9)
FN:189,(anonymous_10)
FN:197,(anonymous_11)
FN:203,(anonymous_12)
FN:204,(anonymous_13)
FNF:14
FNH:0
FNDA:0,(anonymous_0)
FNDA:0,(anonymous_1)
FNDA:0,(anonymous_2)
FNDA:0,(anonymous_3)
FNDA:0,(anonymous_4)
FNDA:0,(anonymous_5)
FNDA:0,(anonymous_6)
FNDA:0,(anonymous_7)
FNDA:0,(anonymous_8)
FNDA:0,(anonymous_9)
FNDA:0,(anonymous_10)
FNDA:0,(anonymous_11)
FNDA:0,(anonymous_12)
FNDA:0,(anonymous_13)
DA:6,0
DA:7,0
DA:52,0
DA:54,0
DA:55,0
DA:58,0
DA:60,0
DA:61,0
DA:66,0
DA:67,0
DA:70,0
DA:72,0
DA:73,0
DA:78,0
DA:79,0
DA:82,0
DA:84,0
DA:85,0
DA:90,0
DA:91,0
DA:94,0
DA:96,0
DA:97,0
DA:99,0
DA:100,0
DA:105,0
DA:106,0
DA:110,0
DA:112,0
DA:113,0
DA:115,0
DA:116,0
DA:121,0
DA:122,0
DA:126,0
DA:127,0
DA:132,0
DA:133,0
DA:142,0
DA:144,0
DA:145,0
DA:150,0
DA:151,0
DA:160,0
DA:162,0
DA:163,0
DA:168,0
DA:169,0
DA:172,0
DA:174,0
DA:175,0
DA:180,0
DA:181,0
DA:182,0
DA:184,0
DA:185,0
DA:190,0
DA:191,0
DA:196,0
DA:197,0
DA:198,0
DA:199,0
DA:202,0
DA:203,0
DA:204,0
DA:207,0
DA:208,0
LF:67
LH:0
BRDA:60,0,0,0
BRDA:70,1,0,0
BRDA:70,1,1,0
BRDA:72,2,0,0
BRDA:82,3,0,0
BRDA:82,3,1,0
BRDA:84,4,0,0
BRDA:96,5,0,0
BRDA:99,6,0,0
BRDA:112,7,0,0
BRDA:115,8,0,0
BRDA:115,9,0,0
BRDA:115,9,1,0
BRDA:126,10,0,0
BRDA:144,11,0,0
BRDA:162,12,0,0
BRDA:172,13,0,0
BRDA:172,13,1,0
BRDA:174,14,0,0
BRDA:184,15,0,0
BRDA:189,16,0,0
BRDA:198,17,0,0
BRDA:198,17,1,0
BRDA:207,18,0,0
BRF:24
BRH:0
end_of_record
TN:
SF:src/database/services/notification.service.ts
FN:39,(anonymous_0)
FN:51,(anonymous_1)
FN:63,(anonymous_2)
FN:75,(anonymous_3)
FN:94,(anonymous_4)
FNF:5
FNH:0
FNDA:0,(anonymous_0)
FNDA:0,(anonymous_1)
FNDA:0,(anonymous_2)
FNDA:0,(anonymous_3)
FNDA:0,(anonymous_4)
DA:4,0
DA:5,0
DA:38,0
DA:40,0
DA:41,0
DA:44,0
DA:46,0
DA:47,0
DA:52,0
DA:53,0
DA:56,0
DA:58,0
DA:59,0
DA:64,0
DA:65,0
DA:68,0
DA:70,0
DA:71,0
DA:76,0
DA:77,0
DA:84,0
DA:86,0
DA:87,0
DA:89,0
DA:90,0
DA:95,0
DA:96,0
DA:100,0
DA:101,0
LF:29
LH:0
BRDA:46,0,0,0
BRDA:56,1,0,0
BRDA:56,1,1,0
BRDA:58,2,0,0
BRDA:70,3,0,0
BRDA:86,4,0,0
BRDA:89,5,0,0
BRDA:89,6,0,0
BRDA:89,6,1,0
BRDA:100,7,0,0
BRF:10
BRH:0
end_of_record
TN:
SF:src/database/services/otp.service.ts
FN:39,(anonymous_0)
FN:51,(anonymous_1)
FN:70,(anonymous_2)
FN:86,(anonymous_3)
FNF:4
FNH:0
FNDA:0,(anonymous_0)
FNDA:0,(anonymous_1)
FNDA:0,(anonymous_2)
FNDA:0,(anonymous_3)
DA:6,0
DA:7,0
DA:38,0
DA:40,0
DA:41,0
DA:44,0
DA:46,0
DA:47,0
DA:52,0
DA:53,0
DA:63,0
DA:65,0
DA:66,0
DA:71,0
DA:72,0
DA:76,0
DA:78,0
DA:79,0
DA:81,0
DA:82,0
DA:87,0
DA:88,0
DA:96,0
DA:97,0
LF:24
LH:0
BRDA:46,0,0,0
BRDA:63,1,0,0
BRDA:63,1,1,0
BRDA:65,2,0,0
BRDA:78,3,0,0
BRDA:81,4,0,0
BRDA:81,5,0,0
BRDA:81,5,1,0
BRDA:96,6,0,0
BRF:9
BRH:0
end_of_record
TN:
SF:src/database/services/rapport.service.ts
FN:47,(anonymous_0)
FN:59,(anonymous_1)
FN:71,(anonymous_2)
FN:83,(anonymous_3)
FN:99,(anonymous_4)
FNF:5
FNH:0
FNDA:0,(anonymous_0)
FNDA:0,(anonymous_1)
FNDA:0,(anonymous_2)
FNDA:0,(anonymous_3)
FNDA:0,(anonymous_4)
DA:4,0
DA:5,0
DA:46,0
DA:48,0
DA:49,0
DA:52,0
DA:54,0
DA:55,0
DA:60,0
DA:61,0
DA:64,0
DA:66,0
DA:67,0
DA:72,0
DA:73,0
DA:76,0
DA:78,0
DA:79,0
DA:84,0
DA:85,0
DA:89,0
DA:91,0
DA:92,0
DA:94,0
DA:95,0
DA:100,0
DA:101,0
DA:105,0
DA:106,0
LF:29
LH:0
BRDA:54,0,0,0
BRDA:64,1,0,0
BRDA:64,1,1,0
BRDA:66,2,0,0
BRDA:78,3,0,0
BRDA:91,4,0,0
BRDA:94,5,0,0
BRDA:94,6,0,0
BRDA:94,6,1,0
BRDA:105,7,0,0
BRF:10
BRH:0
end_of_record
TN:
SF:src/database/services/refresh-token.service.ts
FN:24,(anonymous_0)
FN:36,(anonymous_1)
FN:53,(anonymous_2)
FN:64,(anonymous_3)
FNF:4
FNH:0
FNDA:0,(anonymous_0)
FNDA:0,(anonymous_1)
FNDA:0,(anonymous_2)
FNDA:0,(anonymous_3)
DA:4,0
DA:5,0
DA:23,0
DA:25,0
DA:26,0
DA:29,0
DA:31,0
DA:32,0
DA:37,0
DA:38,0
DA:46,0
DA:48,0
DA:49,0
DA:54,0
DA:55,0
DA:59,0
DA:60,0
DA:65,0
DA:66,0
DA:74,0
DA:75,0
LF:21
LH:0
BRDA:31,0,0,0
BRDA:46,1,0,0
BRDA:46,1,1,0
BRDA:48,2,0,0
BRDA:59,3,0,0
BRDA:74,4,0,0
BRF:6
BRH:0
end_of_record
TN:
SF:src/database/services/user.service.ts
FN:46,(anonymous_0)
FN:58,(anonymous_1)
FN:70,(anonymous_2)
FN:82,(anonymous_3)
FN:97,(anonymous_4)
FN:118,(anonymous_5)
FN:129,(anonymous_6)
FN:133,(anonymous_7)
FN:137,(anonymous_8)
FN:150,(anonymous_9)
FNF:10
FNH:0
FNDA:0,(anonymous_0)
FNDA:0,(anonymous_1)
FNDA:0,(anonymous_2)
FNDA:0,(anonymous_3)
FNDA:0,(anonymous_4)
FNDA:0,(anonymous_5)
FNDA:0,(anonymous_6)
FNDA:0,(anonymous_7)
FNDA:0,(anonymous_8)
FNDA:0,(anonymous_9)
DA:6,0
DA:7,0
DA:45,0
DA:47,0
DA:48,0
DA:51,0
DA:53,0
DA:54,0
DA:59,0
DA:60,0
DA:63,0
DA:65,0
DA:66,0
DA:71,0
DA:72,0
DA:75,0
DA:77,0
DA:78,0
DA:83,0
DA:84,0
DA:87,0
DA:89,0
DA:90,0
DA:92,0
DA:93,0
DA:98,0
DA:99,0
DA:103,0
DA:105,0
DA:106,0
DA:108,0
DA:109,0
DA:111,0
DA:112,0
DA:114,0
DA:119,0
DA:120,0
DA:124,0
DA:125,0
DA:130,0
DA:134,0
DA:138,0
DA:139,0
DA:143,0
DA:145,0
DA:146,0
DA:151,0
DA:152,0
DA:153,0
DA:155,0
DA:156,0
LF:51
LH:0
BRDA:53,0,0,0
BRDA:63,1,0,0
BRDA:63,1,1,0
BRDA:65,2,0,0
BRDA:75,3,0,0
BRDA:75,3,1,0
BRDA:77,4,0,0
BRDA:89,5,0,0
BRDA:92,6,0,0
BRDA:92,7,0,0
BRDA:92,7,1,0
BRDA:105,8,0,0
BRDA:108,9,0,0
BRDA:111,10,0,0
BRDA:111,11,0,0
BRDA:111,11,1,0
BRDA:111,11,2,0
BRDA:124,12,0,0
BRDA:145,13,0,0
BRDA:155,14,0,0
BRF:20
BRH:0
end_of_record
TN:
SF:src/middleware/auth.ts
FN:23,(anonymous_1)
FN:77,(anonymous_2)
FN:78,(anonymous_3)
FN:102,(anonymous_4)
FN:110,(anonymous_5)
FN:120,(anonymous_6)
FN:129,(anonymous_7)
FN:138,(anonymous_8)
FN:146,(anonymous_9)
FN:154,(anonymous_10)
FNF:10
FNH:6
FNDA:0,(anonymous_1)
FNDA:9,(anonymous_2)
FNDA:0,(anonymous_3)
FNDA:6,(anonymous_4)
FNDA:3,(anonymous_5)
FNDA:2,(anonymous_6)
FNDA:1,(anonymous_7)
FNDA:0,(anonymous_8)
FNDA:0,(anonymous_9)
FNDA:103,(anonymous_10)
DA:2,2
DA:3,2
DA:4,2
DA:23,2
DA:28,0
DA:29,0
DA:31,0
DA:32,0
DA:36,0
DA:39,0
DA:41,0
DA:43,0
DA:49,0
DA:51,0
DA:52,0
DA:56,0
DA:59,0
DA:60,0
DA:64,0
DA:67,0
DA:77,2
DA:78,9
DA:79,0
DA:80,0
DA:84,0
DA:87,0
DA:88,0
DA:92,0
DA:95,0
DA:102,2
DA:103,6
DA:104,6
DA:110,2
DA:114,3
DA:120,2
DA:121,2
DA:129,2
DA:130,1
DA:138,2
DA:139,0
DA:140,0
DA:146,2
DA:147,0
DA:148,0
DA:154,2
DA:155,103
LF:46
LH:19
BRDA:31,0,0,0
BRDA:31,1,0,0
BRDA:31,1,1,0
BRDA:51,2,0,0
BRDA:59,3,0,0
BRDA:79,4,0,0
BRDA:87,5,0,0
BRF:7
BRH:0
end_of_record
TN:
SF:src/middleware/index.ts
FN:6,(anonymous_0)
FN:28,(anonymous_1)
FN:42,(anonymous_2)
FN:43,(anonymous_3)
FN:52,(anonymous_4)
FN:69,(anonymous_5)
FN:73,(anonymous_6)
FN:102,(anonymous_7)
FN:109,(anonymous_8)
FNF:9
FNH:3
FNDA:0,(anonymous_0)
FNDA:0,(anonymous_1)
FNDA:14,(anonymous_2)
FNDA:0,(anonymous_3)
FNDA:0,(anonymous_4)
FNDA:0,(anonymous_5)
FNDA:0,(anonymous_6)
FNDA:3,(anonymous_7)
FNDA:3,(anonymous_8)
DA:6,1
DA:12,0
DA:14,0
DA:16,0
DA:28,1
DA:33,0
DA:42,1
DA:43,14
DA:44,0
DA:45,0
DA:46,0
DA:48,0
DA:49,0
DA:52,0
DA:57,0
DA:59,0
DA:67,1
DA:69,1
DA:73,0
DA:74,0
DA:75,0
DA:77,0
DA:79,0
DA:80,0
DA:81,0
DA:82,0
DA:85,0
DA:86,0
DA:91,0
DA:94,0
DA:95,0
DA:102,1
DA:107,3
DA:109,3
DA:110,3
DA:111,3
DA:114,3
LF:37
LH:12
BRDA:14,0,0,0
BRDA:14,0,1,0
BRDA:18,1,0,0
BRDA:18,1,1,0
BRDA:21,2,0,0
BRDA:21,2,1,0
BRDA:48,3,0,0
BRDA:70,4,0,0
BRDA:71,5,0,0
BRDA:74,6,0,0
BRDA:74,6,1,0
BRDA:74,6,2,0
BRDA:79,7,0,0
BRDA:79,8,0,0
BRDA:79,8,1,0
BRDA:85,9,0,0
BRF:16
BRH:0
end_of_record
TN:
SF:src/routes/audio.ts
FN:16,(anonymous_1)
FN:32,(anonymous_2)
FN:61,(anonymous_3)
FN:138,(anonymous_4)
FN:151,(anonymous_5)
FN:174,(anonymous_6)
FN:178,(anonymous_7)
FNF:7
FNH:0
FNDA:0,(anonymous_1)
FNDA:0,(anonymous_2)
FNDA:0,(anonymous_3)
FNDA:0,(anonymous_4)
FNDA:0,(anonymous_5)
FNDA:0,(anonymous_6)
FNDA:0,(anonymous_7)
DA:1,1
DA:2,1
DA:5,1
DA:6,1
DA:8,1
DA:11,1
DA:17,0
DA:18,0
DA:20,0
DA:26,1
DA:32,1
DA:33,0
DA:34,0
DA:45,0
DA:50,0
DA:61,1
DA:62,0
DA:63,0
DA:64,0
DA:66,0
DA:67,0
DA:71,0
DA:75,0
DA:86,0
DA:89,0
DA:90,0
DA:92,0
DA:93,0
DA:95,0
DA:96,0
DA:106,0
DA:112,0
DA:113,0
DA:114,0
DA:119,0
DA:127,0
DA:138,1
DA:139,0
DA:140,0
DA:142,0
DA:143,0
DA:147,0
DA:151,0
DA:157,0
DA:163,0
DA:174,1
DA:175,0
DA:176,0
DA:178,0
DA:180,0
DA:181,0
DA:185,0
DA:188,0
DA:200,0
DA:207,1
LF:55
LH:12
BRDA:17,0,0,0
BRDA:17,0,1,0
BRDA:66,1,0,0
BRDA:66,2,0,0
BRDA:66,2,1,0
BRDA:95,3,0,0
BRDA:95,3,1,0
BRDA:102,4,0,0
BRDA:102,4,1,0
BRDA:121,5,0,0
BRDA:121,5,1,0
BRDA:142,6,0,0
BRDA:142,7,0,0
BRDA:142,7,1,0
BRDA:180,8,0,0
BRF:15
BRH:0
end_of_record
TN:
SF:src/routes/auth.ts
FN:26,(anonymous_0)
FN:31,(anonymous_1)
FN:90,(anonymous_2)
FN:95,(anonymous_3)
FN:183,(anonymous_4)
FN:205,(anonymous_5)
FN:257,(anonymous_6)
FN:291,(anonymous_7)
FN:341,(anonymous_8)
FN:366,(anonymous_9)
FN:370,(anonymous_10)
FN:389,(anonymous_11)
FN:411,(anonymous_12)
FN:413,(anonymous_13)
FN:448,(anonymous_14)
FN:452,(anonymous_15)
FNF:16
FNH:0
FNDA:0,(anonymous_0)
FNDA:0,(anonymous_1)
FNDA:0,(anonymous_2)
FNDA:0,(anonymous_3)
FNDA:0,(anonymous_4)
FNDA:0,(anonymous_5)
FNDA:0,(anonymous_6)
FNDA:0,(anonymous_7)
FNDA:0,(anonymous_8)
FNDA:0,(anonymous_9)
FNDA:0,(anonymous_10)
FNDA:0,(anonymous_11)
FNDA:0,(anonymous_12)
FNDA:0,(anonymous_13)
FNDA:0,(anonymous_14)
FNDA:0,(anonymous_15)
DA:1,1
DA:2,1
DA:3,1
DA:4,1
DA:15,1
DA:18,1
DA:19,1
DA:20,1
DA:26,1
DA:27,0
DA:28,0
DA:31,0
DA:32,0
DA:33,0
DA:37,0
DA:41,0
DA:42,0
DA:45,0
DA:58,0
DA:61,0
DA:62,0
DA:70,0
DA:72,0
DA:79,0
DA:90,1
DA:91,0
DA:92,0
DA:95,0
DA:96,0
DA:97,0
DA:101,0
DA:105,0
DA:106,0
DA:107,0
DA:108,0
DA:112,0
DA:116,0
DA:117,0
DA:121,0
DA:125,0
DA:126,0
DA:130,0
DA:134,0
DA:135,0
DA:137,0
DA:143,0
DA:150,0
DA:151,0
DA:157,0
DA:172,0
DA:183,1
DA:184,0
DA:185,0
DA:186,0
DA:189,0
DA:194,0
DA:205,1
DA:206,0
DA:207,0
DA:210,0
DA:211,0
DA:213,0
DA:216,0
DA:217,0
DA:218,0
DA:222,0
DA:226,0
DA:232,0
DA:238,0
DA:246,0
DA:257,1
DA:258,0
DA:259,0
DA:262,0
DA:264,0
DA:272,0
DA:274,0
DA:280,0
DA:291,1
DA:292,0
DA:293,0
DA:295,0
DA:297,0
DA:298,0
DA:302,0
DA:306,0
DA:307,0
DA:308,0
DA:312,0
DA:316,0
DA:317,0
DA:318,0
DA:322,0
DA:326,0
DA:327,0
DA:328,0
DA:333,0
DA:337,0
DA:340,0
DA:341,0
DA:342,0
DA:343,0
DA:344,0
DA:348,0
DA:350,0
DA:355,0
DA:366,1
DA:367,0
DA:368,0
DA:370,0
DA:373,0
DA:378,0
DA:389,1
DA:390,0
DA:391,0
DA:395,0
DA:400,0
DA:411,1
DA:412,0
DA:413,0
DA:415,0
DA:416,0
DA:420,0
DA:423,0
DA:437,0
DA:448,1
DA:449,0
DA:450,0
DA:452,0
DA:454,0
DA:455,0
DA:459,0
DA:463,0
DA:464,0
DA:466,0
DA:467,0
DA:471,0
DA:475,0
DA:476,0
DA:479,0
DA:481,0
DA:486,0
DA:493,1
LF:143
LH:19
BRDA:32,0,0,0
BRDA:96,1,0,0
BRDA:107,2,0,0
BRDA:116,3,0,0
BRDA:125,4,0,0
BRDA:185,5,0,0
BRDA:217,6,0,0
BRDA:297,7,0,0
BRDA:306,8,0,0
BRDA:316,9,0,0
BRDA:326,10,0,0
BRDA:340,11,0,0
BRDA:342,12,0,0
BRDA:415,13,0,0
BRDA:454,14,0,0
BRDA:466,15,0,0
BRF:16
BRH:0
end_of_record
TN:
SF:src/routes/dashboard.ts
FN:10,(anonymous_0)
FN:47,(anonymous_1)
FN:84,(anonymous_2)
FN:118,(anonymous_3)
FN:152,(anonymous_4)
FNF:5
FNH:0
FNDA:0,(anonymous_0)
FNDA:0,(anonymous_1)
FNDA:0,(anonymous_2)
FNDA:0,(anonymous_3)
FNDA:0,(anonymous_4)
DA:1,1
DA:2,1
DA:4,1
DA:10,1
DA:11,0
DA:12,0
DA:13,0
DA:16,0
DA:31,0
DA:36,0
DA:47,1
DA:48,0
DA:49,0
DA:50,0
DA:53,0
DA:56,0
DA:58,0
DA:60,0
DA:63,0
DA:68,0
DA:73,0
DA:84,1
DA:85,0
DA:86,0
DA:87,0
DA:88,0
DA:91,0
DA:94,0
DA:96,0
DA:107,0
DA:118,1
DA:119,0
DA:120,0
DA:121,0
DA:122,0
DA:125,0
DA:128,0
DA:130,0
DA:141,0
DA:152,1
DA:153,0
DA:154,0
DA:155,0
DA:156,0
DA:159,0
DA:164,0
DA:173,0
DA:178,0
DA:185,1
LF:49
LH:9
BRDA:26,0,0,0
BRDA:26,0,1,0
BRDA:27,1,0,0
BRDA:27,1,1,0
BRDA:56,2,0,0
BRDA:56,2,1,0
BRDA:56,3,0,0
BRDA:56,3,1,0
BRDA:86,4,0,0
BRDA:86,4,1,0
BRDA:101,5,0,0
BRDA:101,5,1,0
BRDA:102,6,0,0
BRDA:102,6,1,0
BRDA:120,7,0,0
BRDA:120,7,1,0
BRDA:135,8,0,0
BRDA:135,8,1,0
BRDA:136,9,0,0
BRDA:136,9,1,0
BRDA:156,10,0,0
BRDA:156,10,1,0
BRDA:159,11,0,0
BRDA:159,11,1,0
BRDA:167,12,0,0
BRDA:167,12,1,0
BRDA:168,13,0,0
BRDA:168,13,1,0
BRF:28
BRH:0
end_of_record
TN:
SF:src/routes/devices.ts
FN:15,(anonymous_0)
FN:26,(anonymous_1)
FN:29,(anonymous_2)
FN:59,(anonymous_3)
FN:103,(anonymous_4)
FN:108,(anonymous_5)
FN:149,(anonymous_6)
FN:153,(anonymous_7)
FNF:8
FNH:0
FNDA:0,(anonymous_0)
FNDA:0,(anonymous_1)
FNDA:0,(anonymous_2)
FNDA:0,(anonymous_3)
FNDA:0,(anonymous_4)
FNDA:0,(anonymous_5)
FNDA:0,(anonymous_6)
FNDA:0,(anonymous_7)
DA:1,1
DA:2,1
DA:3,1
DA:4,1
DA:6,1
DA:9,1
DA:15,1
DA:16,0
DA:17,0
DA:18,0
DA:19,0
DA:20,0
DA:22,0
DA:25,0
DA:26,0
DA:28,0
DA:29,0
DA:33,0
DA:34,0
DA:35,0
DA:37,0
DA:48,0
DA:59,1
DA:60,0
DA:61,0
DA:64,0
DA:77,0
DA:79,0
DA:92,0
DA:103,1
DA:104,0
DA:105,0
DA:106,0
DA:108,0
DA:110,0
DA:111,0
DA:115,0
DA:119,0
DA:120,0
DA:121,0
DA:122,0
DA:123,0
DA:125,0
DA:138,0
DA:149,1
DA:150,0
DA:151,0
DA:153,0
DA:155,0
DA:156,0
DA:160,0
DA:164,0
DA:165,0
DA:167,0
DA:172,0
DA:179,1
LF:56
LH:11
BRDA:17,0,0,0
BRDA:17,0,1,0
BRDA:18,1,0,0
BRDA:18,1,1,0
BRDA:25,2,0,0
BRDA:28,3,0,0
BRDA:110,4,0,0
BRDA:119,5,0,0
BRDA:120,6,0,0
BRDA:121,7,0,0
BRDA:155,8,0,0
BRF:11
BRH:0
end_of_record
TN:
SF:src/routes/diffusions.ts
FN:13,(anonymous_0)
FN:28,(anonymous_1)
FN:31,(anonymous_2)
FN:34,(anonymous_3)
FN:37,(anonymous_4)
FN:40,(anonymous_5)
FN:43,(anonymous_6)
FN:73,(anonymous_7)
FN:77,(anonymous_8)
FNF:9
FNH:0
FNDA:0,(anonymous_0)
FNDA:0,(anonymous_1)
FNDA:0,(anonymous_2)
FNDA:0,(anonymous_3)
FNDA:0,(anonymous_4)
FNDA:0,(anonymous_5)
FNDA:0,(anonymous_6)
FNDA:0,(anonymous_7)
FNDA:0,(anonymous_8)
DA:1,1
DA:2,1
DA:4,1
DA:7,1
DA:13,1
DA:14,0
DA:15,0
DA:16,0
DA:17,0
DA:18,0
DA:19,0
DA:20,0
DA:21,0
DA:22,0
DA:24,0
DA:27,0
DA:28,0
DA:30,0
DA:31,0
DA:33,0
DA:34,0
DA:36,0
DA:37,0
DA:39,0
DA:40,0
DA:42,0
DA:43,0
DA:47,0
DA:48,0
DA:49,0
DA:51,0
DA:62,0
DA:73,1
DA:74,0
DA:75,0
DA:77,0
DA:79,0
DA:80,0
DA:84,0
DA:87,0
DA:92,0
DA:99,1
LF:42
LH:7
BRDA:15,0,0,0
BRDA:15,0,1,0
BRDA:16,1,0,0
BRDA:16,1,1,0
BRDA:27,2,0,0
BRDA:30,3,0,0
BRDA:33,4,0,0
BRDA:36,5,0,0
BRDA:39,6,0,0
BRDA:42,7,0,0
BRDA:79,8,0,0
BRF:11
BRH:0
end_of_record
TN:
SF:src/routes/etablissements.ts
FN:15,(anonymous_0)
FN:27,(anonymous_1)
FN:30,(anonymous_2)
FN:33,(anonymous_3)
FN:66,(anonymous_4)
FN:100,(anonymous_5)
FN:104,(anonymous_6)
FN:139,(anonymous_7)
FN:143,(anonymous_8)
FN:185,(anonymous_9)
FN:189,(anonymous_10)
FN:217,(anonymous_11)
FN:221,(anonymous_12)
FN:251,(anonymous_13)
FN:256,(anonymous_14)
FN:288,(anonymous_15)
FN:294,(anonymous_16)
FN:342,(anonymous_17)
FN:348,(anonymous_18)
FNF:19
FNH:0
FNDA:0,(anonymous_0)
FNDA:0,(anonymous_1)
FNDA:0,(anonymous_2)
FNDA:0,(anonymous_3)
FNDA:0,(anonymous_4)
FNDA:0,(anonymous_5)
FNDA:0,(anonymous_6)
FNDA:0,(anonymous_7)
FNDA:0,(anonymous_8)
FNDA:0,(anonymous_9)
FNDA:0,(anonymous_10)
FNDA:0,(anonymous_11)
FNDA:0,(anonymous_12)
FNDA:0,(anonymous_13)
FNDA:0,(anonymous_14)
FNDA:0,(anonymous_15)
FNDA:0,(anonymous_16)
FNDA:0,(anonymous_17)
FNDA:0,(anonymous_18)
DA:1,1
DA:2,1
DA:3,1
DA:4,1
DA:6,1
DA:9,1
DA:15,1
DA:16,0
DA:17,0
DA:18,0
DA:19,0
DA:20,0
DA:21,0
DA:23,0
DA:26,0
DA:27,0
DA:29,0
DA:30,0
DA:32,0
DA:33,0
DA:34,0
DA:40,0
DA:41,0
DA:42,0
DA:44,0
DA:55,0
DA:66,1
DA:67,0
DA:68,0
DA:78,0
DA:83,0
DA:89,0
DA:100,1
DA:101,0
DA:102,0
DA:104,0
DA:106,0
DA:107,0
DA:111,0
DA:115,0
DA:116,0
DA:120,0
DA:123,0
DA:128,0
DA:139,1
DA:140,0
DA:141,0
DA:143,0
DA:145,0
DA:146,0
DA:150,0
DA:154,0
DA:155,0
DA:159,0
DA:163,0
DA:168,0
DA:174,0
DA:185,1
DA:186,0
DA:187,0
DA:189,0
DA:191,0
DA:192,0
DA:196,0
DA:199,0
DA:201,0
DA:206,0
DA:217,1
DA:218,0
DA:219,0
DA:221,0
DA:223,0
DA:224,0
DA:228,0
DA:231,0
DA:232,0
DA:234,0
DA:240,0
DA:251,1
DA:252,0
DA:253,0
DA:254,0
DA:256,0
DA:258,0
DA:259,0
DA:263,0
DA:266,0
DA:267,0
DA:271,0
DA:277,0
DA:288,1
DA:289,0
DA:290,0
DA:291,0
DA:292,0
DA:294,0
DA:296,0
DA:297,0
DA:301,0
DA:305,0
DA:306,0
DA:310,0
DA:314,0
DA:326,0
DA:331,0
DA:342,1
DA:343,0
DA:344,0
DA:345,0
DA:346,0
DA:348,0
DA:350,0
DA:351,0
DA:355,0
DA:359,0
DA:360,0
DA:364,0
DA:368,0
DA:379,0
DA:386,1
LF:120
LH:16
BRDA:17,0,0,0
BRDA:17,0,1,0
BRDA:18,1,0,0
BRDA:18,1,1,0
BRDA:26,2,0,0
BRDA:29,3,0,0
BRDA:32,4,0,0
BRDA:34,5,0,0
BRDA:34,5,1,0
BRDA:106,6,0,0
BRDA:115,7,0,0
BRDA:115,8,0,0
BRDA:115,8,1,0
BRDA:145,9,0,0
BRDA:154,10,0,0
BRDA:154,11,0,0
BRDA:154,11,1,0
BRDA:191,12,0,0
BRDA:223,13,0,0
BRDA:258,14,0,0
BRDA:296,15,0,0
BRDA:305,16,0,0
BRDA:305,17,0,0
BRDA:305,17,1,0
BRDA:345,18,0,0
BRDA:345,18,1,0
BRDA:346,19,0,0
BRDA:346,19,1,0
BRDA:350,20,0,0
BRDA:359,21,0,0
BRDA:359,22,0,0
BRDA:359,22,1,0
BRF:32
BRH:0
end_of_record
TN:
SF:src/routes/health.ts
FN:10,(anonymous_0)
FN:26,(anonymous_1)
FN:52,(anonymous_2)
FN:77,(anonymous_3)
FNF:4
FNH:2
FNDA:2,(anonymous_0)
FNDA:1,(anonymous_1)
FNDA:0,(anonymous_2)
FNDA:0,(anonymous_3)
DA:1,1
DA:4,1
DA:10,1
DA:11,2
DA:26,1
DA:27,1
DA:29,1
DA:31,1
DA:40,0
DA:52,1
DA:53,0
DA:56,0
DA:65,0
DA:77,1
DA:79,0
DA:98,0
DA:99,0
DA:102,1
LF:18
LH:11
BRDA:36,0,0,1
BRDA:36,0,1,0
BRF:2
BRH:1
end_of_record
TN:
SF:src/routes/index.ts
FNF:0
FNH:0
DA:1,1
DA:2,1
DA:3,1
DA:4,1
DA:5,1
DA:6,1
DA:7,1
DA:8,1
DA:9,1
DA:10,1
DA:11,1
DA:12,1
DA:14,1
DA:17,1
DA:18,1
DA:21,1
DA:22,1
DA:23,1
DA:24,1
DA:25,1
DA:26,1
DA:27,1
DA:28,1
DA:29,1
DA:31,1
LF:25
LH:25
BRF:0
BRH:0
end_of_record
TN:
SF:src/routes/notifications.ts
FN:13,(anonymous_0)
FN:20,(anonymous_1)
FN:23,(anonymous_2)
FN:53,(anonymous_3)
FN:57,(anonymous_4)
FN:86,(anonymous_5)
FN:92,(anonymous_6)
FN:93,(anonymous_7)
FNF:8
FNH:0
FNDA:0,(anonymous_0)
FNDA:0,(anonymous_1)
FNDA:0,(anonymous_2)
FNDA:0,(anonymous_3)
FNDA:0,(anonymous_4)
FNDA:0,(anonymous_5)
FNDA:0,(anonymous_6)
FNDA:0,(anonymous_7)
DA:1,1
DA:2,1
DA:4,1
DA:7,1
DA:13,1
DA:14,0
DA:15,0
DA:16,0
DA:17,0
DA:20,0
DA:22,0
DA:23,0
DA:27,0
DA:28,0
DA:29,0
DA:31,0
DA:42,0
DA:53,1
DA:54,0
DA:55,0
DA:57,0
DA:59,0
DA:60,0
DA:64,0
DA:67,0
DA:68,0
DA:70,0
DA:75,0
DA:86,1
DA:87,0
DA:88,0
DA:91,0
DA:92,0
DA:94,0
DA:95,0
DA:98,0
DA:103,0
DA:110,1
LF:38
LH:8
BRDA:15,0,0,0
BRDA:15,0,1,0
BRDA:16,1,0,0
BRDA:16,1,1,0
BRDA:22,2,0,0
BRDA:57,3,0,0
BRDA:57,3,1,0
BRDA:59,4,0,0
BRDA:92,5,0,0
BRDA:92,5,1,0
BRF:10
BRH:0
end_of_record
TN:
SF:src/routes/rapports.ts
FN:13,(anonymous_0)
FN:25,(anonymous_1)
FN:28,(anonymous_2)
FN:31,(anonymous_3)
FN:61,(anonymous_4)
FN:80,(anonymous_5)
FN:107,(anonymous_6)
FN:111,(anonymous_7)
FN:146,(anonymous_8)
FN:150,(anonymous_9)
FNF:10
FNH:0
FNDA:0,(anonymous_0)
FNDA:0,(anonymous_1)
FNDA:0,(anonymous_2)
FNDA:0,(anonymous_3)
FNDA:0,(anonymous_4)
FNDA:0,(anonymous_5)
FNDA:0,(anonymous_6)
FNDA:0,(anonymous_7)
FNDA:0,(anonymous_8)
FNDA:0,(anonymous_9)
DA:1,1
DA:2,1
DA:4,1
DA:7,1
DA:13,1
DA:14,0
DA:15,0
DA:16,0
DA:17,0
DA:18,0
DA:19,0
DA:21,0
DA:24,0
DA:25,0
DA:27,0
DA:28,0
DA:30,0
DA:31,0
DA:35,0
DA:36,0
DA:37,0
DA:39,0
DA:50,0
DA:61,1
DA:62,0
DA:63,0
DA:66,0
DA:77,0
DA:80,0
DA:81,0
DA:82,0
DA:85,0
DA:96,0
DA:107,1
DA:108,0
DA:109,0
DA:111,0
DA:113,0
DA:114,0
DA:118,0
DA:121,0
DA:135,0
DA:146,1
DA:147,0
DA:148,0
DA:150,0
DA:152,0
DA:153,0
DA:157,0
DA:160,0
DA:161,0
DA:165,0
DA:169,0
DA:170,0
DA:172,0
DA:174,0
DA:181,1
LF:57
LH:9
BRDA:15,0,0,0
BRDA:15,0,1,0
BRDA:16,1,0,0
BRDA:16,1,1,0
BRDA:24,2,0,0
BRDA:27,3,0,0
BRDA:30,4,0,0
BRDA:71,5,0,0
BRDA:71,5,1,0
BRDA:113,6,0,0
BRDA:152,7,0,0
BRDA:160,8,0,0
BRF:12
BRH:0
end_of_record
TN:
SF:src/routes/upload.ts
FN:13,(anonymous_1)
FN:27,(anonymous_2)
FNF:2
FNH:0
FNDA:0,(anonymous_1)
FNDA:0,(anonymous_2)
DA:1,1
DA:2,1
DA:3,1
DA:5,1
DA:8,1
DA:14,0
DA:15,0
DA:16,0
DA:18,0
DA:27,1
DA:28,0
DA:29,0
DA:30,0
DA:34,0
DA:38,0
DA:40,0
DA:51,0
DA:52,0
DA:56,0
DA:59,0
DA:60,0
DA:61,0
DA:65,0
DA:69,0
DA:76,1
LF:25
LH:7
BRDA:15,0,0,0
BRDA:15,0,1,0
BRDA:29,1,0,0
BRDA:51,2,0,0
BRDA:59,3,0,0
BRDA:60,4,0,0
BRF:6
BRH:0
end_of_record
TN:
SF:src/routes/utilisateurs.ts
FN:15,(anonymous_0)
FN:26,(anonymous_1)
FN:29,(anonymous_2)
FN:59,(anonymous_3)
FN:64,(anonymous_4)
FN:118,(anonymous_5)
FN:122,(anonymous_6)
FN:158,(anonymous_7)
FN:163,(anonymous_8)
FN:206,(anonymous_9)
FN:210,(anonymous_10)
FNF:11
FNH:0
FNDA:0,(anonymous_0)
FNDA:0,(anonymous_1)
FNDA:0,(anonymous_2)
FNDA:0,(anonymous_3)
FNDA:0,(anonymous_4)
FNDA:0,(anonymous_5)
FNDA:0,(anonymous_6)
FNDA:0,(anonymous_7)
FNDA:0,(anonymous_8)
FNDA:0,(anonymous_9)
FNDA:0,(anonymous_10)
DA:1,1
DA:2,1
DA:3,1
DA:4,1
DA:6,1
DA:9,1
DA:15,1
DA:16,0
DA:17,0
DA:18,0
DA:19,0
DA:20,0
DA:22,0
DA:25,0
DA:26,0
DA:28,0
DA:29,0
DA:33,0
DA:34,0
DA:35,0
DA:37,0
DA:48,0
DA:59,1
DA:60,0
DA:61,0
DA:64,0
DA:65,0
DA:66,0
DA:70,0
DA:74,0
DA:75,0
DA:78,0
DA:92,0
DA:94,0
DA:107,0
DA:118,1
DA:119,0
DA:120,0
DA:122,0
DA:124,0
DA:125,0
DA:129,0
DA:132,0
DA:147,0
DA:158,1
DA:159,0
DA:160,0
DA:161,0
DA:163,0
DA:165,0
DA:166,0
DA:170,0
DA:174,0
DA:175,0
DA:176,0
DA:177,0
DA:178,0
DA:179,0
DA:181,0
DA:195,0
DA:206,1
DA:207,0
DA:208,0
DA:210,0
DA:212,0
DA:213,0
DA:217,0
DA:221,0
DA:222,0
DA:224,0
DA:229,0
DA:236,1
LF:72
LH:12
BRDA:17,0,0,0
BRDA:17,0,1,0
BRDA:18,1,0,0
BRDA:18,1,1,0
BRDA:25,2,0,0
BRDA:28,3,0,0
BRDA:65,4,0,0
BRDA:124,5,0,0
BRDA:165,6,0,0
BRDA:174,7,0,0
BRDA:175,8,0,0
BRDA:176,9,0,0
BRDA:177,10,0,0
BRDA:178,11,0,0
BRDA:212,12,0,0
BRF:15
BRH:0
end_of_record
TN:
SF:src/services/acrcloud.service.ts
FN:42,(anonymous_1)
FN:52,(anonymous_2)
FN:62,(anonymous_3)
FN:115,(anonymous_4)
FN:120,(anonymous_5)
FN:133,(anonymous_6)
FN:134,(anonymous_7)
FN:136,(anonymous_8)
FN:137,(anonymous_9)
FN:145,(anonymous_10)
FNF:10
FNH:1
FNDA:1,(anonymous_1)
FNDA:0,(anonymous_2)
FNDA:0,(anonymous_3)
FNDA:0,(anonymous_4)
FNDA:0,(anonymous_5)
FNDA:0,(anonymous_6)
FNDA:0,(anonymous_7)
FNDA:0,(anonymous_8)
FNDA:0,(anonymous_9)
FNDA:0,(anonymous_10)
DA:1,1
DA:2,1
DA:3,1
DA:4,1
DA:36,1
DA:43,1
DA:44,1
DA:45,1
DA:46,1
DA:53,0
DA:54,0
DA:63,0
DA:64,0
DA:65,0
DA:68,0
DA:69,0
DA:72,0
DA:73,0
DA:77,0
DA:78,0
DA:79,0
DA:80,0
DA:82,0
DA:83,0
DA:84,0
DA:87,0
DA:99,0
DA:102,0
DA:103,0
DA:104,0
DA:108,0
DA:109,0
DA:110,0
DA:113,0
DA:115,0
DA:120,0
DA:123,0
DA:125,0
DA:126,0
DA:134,0
DA:135,0
DA:136,0
DA:137,0
DA:138,0
DA:146,0
DA:151,1
DA:152,1
LF:47
LH:11
BRDA:62,0,0,0
BRDA:64,1,0,0
BRDA:64,2,0,0
BRDA:64,2,1,0
BRDA:102,3,0,0
BRDA:109,4,0,0
BRDA:115,5,0,0
BRDA:115,5,1,0
BRDA:116,6,0,0
BRDA:116,6,1,0
BRDA:146,7,0,0
BRDA:146,7,1,0
BRF:12
BRH:0
end_of_record
TN:
SF:src/utils/validators.ts
FNF:0
FNH:0
DA:1,1
DA:5,1
DA:11,1
DA:19,1
DA:23,1
DA:28,1
DA:33,1
DA:37,1
DA:42,1
DA:49,1
DA:55,1
DA:67,1
DA:81,1
DA:85,1
DA:94,1
DA:100,1
DA:112,1
DA:120,1
DA:127,1
DA:135,1
DA:146,1
LF:21
LH:21
BRF:0
BRH:0
end_of_record
